2024-03-09 12:40:13 INFO  Reflections:219 - Reflections took 36 ms to scan 2 urls, producing 5 keys and 6 values
2024-03-09 12:40:13 INFO  Reflections:219 - Reflections took 6 ms to scan 1 urls, producing 6 keys and 12 values
2024-03-09 12:40:13 INFO  Reflections:219 - Reflections took 8 ms to scan 2 urls, producing 7 keys and 12 values
2024-03-09 12:40:13 INFO  Reflections:219 - Reflections took 5 ms to scan 2 urls, producing 3 keys and 3 values
2024-03-09 12:40:14 DEBUG BatchSerializerFactory:106 - module: batch-serializer.properties not found at /mnt/media/Projects/Any2Json/any2json-examples/batch-serializer.properties
2024-03-09 12:40:14 DEBUG BatchSerializerFactory:106 - module: batch-serializer.properties not found at /mnt/media/Projects/Any2Json/any2json-examples/classes/batch-serializer.properties
2024-03-09 12:40:14 DEBUG BatchSerializerFactory:97 - module: batch-serializer.properties not found
2024-03-09 12:40:14 INFO  BatchSerializerFactory:55 - BatchSerializerFactor set to FURY
2024-03-09 12:40:14 INFO  Fury:137 - Created new fury io.fury.Fury@42fcc7e6
2024-03-09 12:40:14 INFO  CompileUnit:56 - Generate code for com.github.romualdrousseau.shuju.bigdata.RowFuryCodec_1_128893786_153443333 took 21 ms.
2024-03-09 12:40:14 INFO  JaninoUtils:113 - Compile [RowFuryCodec_1_128893786_153443333] take 104 ms
2024-03-09 12:40:14 INFO  DataFrame:51 - DataFrame initialized with Mapped Buffer: true
2024-03-09 12:40:14 DEBUG DataFrame:124 - Load a batch in memory offset: 0, lenght: 2613. Took 6ms
2024-03-09 12:40:16 INFO  DataFrame:51 - DataFrame initialized with Mapped Buffer: true
2024-03-09 12:40:16 DEBUG DataFrame:124 - Load a batch in memory offset: 0, lenght: 675. Took 1ms
2024-03-09 12:41:14 INFO  Reflections:219 - Reflections took 37 ms to scan 2 urls, producing 5 keys and 6 values
2024-03-09 12:41:14 INFO  Reflections:219 - Reflections took 4 ms to scan 1 urls, producing 6 keys and 12 values
2024-03-09 12:41:14 INFO  Reflections:219 - Reflections took 8 ms to scan 2 urls, producing 7 keys and 12 values
2024-03-09 12:41:14 INFO  Reflections:219 - Reflections took 6 ms to scan 2 urls, producing 3 keys and 3 values
2024-03-09 12:41:15 DEBUG PackageRelationshipCollection:309 - Parsing relationship: /xl/_rels/workbook.xml.rels
2024-03-09 12:41:15 DEBUG PackageRelationshipCollection:309 - Parsing relationship: /_rels/.rels
2024-03-09 12:41:15 DEBUG BatchSerializerFactory:106 - module: batch-serializer.properties not found at /mnt/media/Projects/Any2Json/any2json-examples/batch-serializer.properties
2024-03-09 12:41:15 DEBUG BatchSerializerFactory:106 - module: batch-serializer.properties not found at /mnt/media/Projects/Any2Json/any2json-examples/classes/batch-serializer.properties
2024-03-09 12:41:15 DEBUG BatchSerializerFactory:97 - module: batch-serializer.properties not found
2024-03-09 12:41:15 INFO  BatchSerializerFactory:55 - BatchSerializerFactor set to FURY
2024-03-09 12:41:15 INFO  Fury:137 - Created new fury io.fury.Fury@5ce4369b
2024-03-09 12:41:15 INFO  CompileUnit:56 - Generate code for com.github.romualdrousseau.shuju.bigdata.RowFuryCodec_1_128893786_2139266166 took 19 ms.
2024-03-09 12:41:15 INFO  JaninoUtils:113 - Compile [RowFuryCodec_1_128893786_2139266166] take 99 ms
2024-03-09 12:41:15 DEBUG CodeGenerator:154 - Code stats for class com/github/romualdrousseau/shuju/bigdata/RowFuryCodec_1_128893786_2139266166.class is CodeStats{methodsSize={read=88, write=87, <init>=66}, constPoolSize=146}
2024-03-09 12:41:15 INFO  DataFrame:51 - DataFrame initialized with Mapped Buffer: true
2024-03-09 12:41:15 DEBUG DataFrame:124 - Load a batch in memory offset: 0, lenght: 2613. Took 5ms
2024-03-09 12:41:18 INFO  DataFrame:51 - DataFrame initialized with Mapped Buffer: true
2024-03-09 12:41:18 DEBUG DataFrame:124 - Load a batch in memory offset: 0, lenght: 675. Took 1ms
2024-03-09 12:41:46 INFO  Reflections:219 - Reflections took 43 ms to scan 2 urls, producing 5 keys and 6 values
2024-03-09 12:41:46 INFO  Reflections:219 - Reflections took 4 ms to scan 1 urls, producing 6 keys and 12 values
2024-03-09 12:41:46 INFO  Reflections:219 - Reflections took 6 ms to scan 2 urls, producing 7 keys and 12 values
2024-03-09 12:41:46 INFO  Reflections:219 - Reflections took 6 ms to scan 2 urls, producing 3 keys and 3 values
2024-03-09 12:41:47 DEBUG BatchSerializerFactory:106 - module: batch-serializer.properties not found at /mnt/media/Projects/Any2Json/any2json-examples/batch-serializer.properties
2024-03-09 12:41:47 DEBUG BatchSerializerFactory:106 - module: batch-serializer.properties not found at /mnt/media/Projects/Any2Json/any2json-examples/classes/batch-serializer.properties
2024-03-09 12:41:47 DEBUG BatchSerializerFactory:97 - module: batch-serializer.properties not found
2024-03-09 12:41:47 INFO  BatchSerializerFactory:55 - BatchSerializerFactor set to FURY
2024-03-09 12:41:47 INFO  Fury:137 - Created new fury io.fury.Fury@78830d9a
2024-03-09 12:41:47 INFO  CompileUnit:56 - Generate code for com.github.romualdrousseau.shuju.bigdata.RowFuryCodec_1_128893786_1558460059 took 16 ms.
2024-03-09 12:41:47 INFO  JaninoUtils:113 - Compile [RowFuryCodec_1_128893786_1558460059] take 89 ms
2024-03-09 12:41:47 INFO  DataFrame:51 - DataFrame initialized with Mapped Buffer: true
2024-03-09 12:41:47 DEBUG DataFrame:124 - Load a batch in memory offset: 0, lenght: 2613. Took 5ms
2024-03-09 12:41:49 INFO  DataFrame:51 - DataFrame initialized with Mapped Buffer: true
2024-03-09 12:41:49 DEBUG DataFrame:124 - Load a batch in memory offset: 0, lenght: 675. Took 1ms
2024-03-09 12:49:33 INFO  Reflections:219 - Reflections took 36 ms to scan 2 urls, producing 5 keys and 6 values
2024-03-09 12:49:33 INFO  Reflections:219 - Reflections took 4 ms to scan 1 urls, producing 6 keys and 12 values
2024-03-09 12:49:33 INFO  Reflections:219 - Reflections took 7 ms to scan 2 urls, producing 7 keys and 12 values
2024-03-09 12:49:33 INFO  Reflections:219 - Reflections took 5 ms to scan 2 urls, producing 3 keys and 3 values
2024-03-09 12:49:34 DEBUG BatchSerializerFactory:106 - module: batch-serializer.properties not found at /mnt/media/Projects/Any2Json/any2json-examples/batch-serializer.properties
2024-03-09 12:49:34 DEBUG BatchSerializerFactory:106 - module: batch-serializer.properties not found at /mnt/media/Projects/Any2Json/any2json-examples/classes/batch-serializer.properties
2024-03-09 12:49:34 DEBUG BatchSerializerFactory:97 - module: batch-serializer.properties not found
2024-03-09 12:49:34 INFO  BatchSerializerFactory:55 - BatchSerializerFactor set to FURY
2024-03-09 12:49:34 INFO  Fury:137 - Created new fury io.fury.Fury@5da7cee2
2024-03-09 12:49:34 INFO  CompileUnit:56 - Generate code for com.github.romualdrousseau.shuju.bigdata.RowFuryCodec_1_128893786_2021854618 took 19 ms.
2024-03-09 12:49:34 INFO  JaninoUtils:113 - Compile [RowFuryCodec_1_128893786_2021854618] take 118 ms
2024-03-09 12:49:34 INFO  DataFrame:51 - DataFrame initialized with Mapped Buffer: true
2024-03-09 12:49:34 DEBUG DataFrame:124 - Load a batch in memory offset: 0, lenght: 2613. Took 4ms
2024-03-09 12:49:36 DEBUG Common:46 - Extracting tables from  ...
2024-03-09 12:49:36 DEBUG Common:50 - Building DataTable list ...
2024-03-09 12:49:36 DEBUG Common:54 - Building MetaTable list ...
2024-03-09 12:49:36 DEBUG Common:58 - Generating TableGraph ...
2024-03-09 12:49:36 DEBUG Common:62 - Creating IntelliTable ...
2024-03-09 12:49:36 INFO  DataFrame:51 - DataFrame initialized with Mapped Buffer: true
2024-03-09 12:49:36 DEBUG DataFrame:124 - Load a batch in memory offset: 0, lenght: 675. Took 1ms
2024-03-09 12:49:36 DEBUG Common:67 - Done.
2024-03-09 12:50:46 INFO  Reflections:219 - Reflections took 35 ms to scan 2 urls, producing 5 keys and 6 values
2024-03-09 12:50:47 INFO  Reflections:219 - Reflections took 5 ms to scan 1 urls, producing 6 keys and 12 values
2024-03-09 12:50:47 INFO  Reflections:219 - Reflections took 8 ms to scan 2 urls, producing 7 keys and 12 values
2024-03-09 12:50:47 INFO  Reflections:219 - Reflections took 6 ms to scan 2 urls, producing 3 keys and 3 values
2024-03-09 12:50:47 DEBUG BatchSerializerFactory:106 - module: batch-serializer.properties not found at /mnt/media/Projects/Any2Json/any2json-examples/batch-serializer.properties
2024-03-09 12:50:47 DEBUG BatchSerializerFactory:106 - module: batch-serializer.properties not found at /mnt/media/Projects/Any2Json/any2json-examples/classes/batch-serializer.properties
2024-03-09 12:50:47 DEBUG BatchSerializerFactory:97 - module: batch-serializer.properties not found
2024-03-09 12:50:47 INFO  BatchSerializerFactory:55 - BatchSerializerFactor set to FURY
2024-03-09 12:50:47 INFO  Fury:137 - Created new fury io.fury.Fury@5ce4369b
2024-03-09 12:50:47 INFO  CompileUnit:56 - Generate code for com.github.romualdrousseau.shuju.bigdata.RowFuryCodec_1_128893786_2139266166 took 16 ms.
2024-03-09 12:50:47 INFO  JaninoUtils:113 - Compile [RowFuryCodec_1_128893786_2139266166] take 97 ms
2024-03-09 12:50:47 INFO  DataFrame:51 - DataFrame initialized with Mapped Buffer: true
2024-03-09 12:50:47 DEBUG DataFrame:124 - Load a batch in memory offset: 0, lenght: 2613. Took 4ms
2024-03-09 12:50:49 DEBUG Common:46 - Extracting tables from  ...
2024-03-09 12:50:49 DEBUG Common:50 - Building DataTable list ...
2024-03-09 12:50:49 DEBUG Common:54 - Building MetaTable list ...
2024-03-09 12:50:49 DEBUG Common:58 - Generating TableGraph ...
2024-03-09 12:50:50 DEBUG Common:62 - Creating IntelliTable ...
2024-03-09 12:50:50 INFO  DataFrame:51 - DataFrame initialized with Mapped Buffer: true
2024-03-09 12:50:50 DEBUG DataFrame:124 - Load a batch in memory offset: 0, lenght: 675. Took 1ms
2024-03-09 12:50:50 DEBUG Common:67 - Done.
2024-03-09 12:52:23 INFO  Reflections:219 - Reflections took 38 ms to scan 2 urls, producing 5 keys and 6 values
2024-03-09 12:52:23 INFO  Reflections:219 - Reflections took 4 ms to scan 1 urls, producing 6 keys and 12 values
2024-03-09 12:52:23 INFO  Reflections:219 - Reflections took 5 ms to scan 2 urls, producing 7 keys and 12 values
2024-03-09 12:52:23 INFO  Reflections:219 - Reflections took 4 ms to scan 2 urls, producing 3 keys and 3 values
2024-03-09 12:52:24 DEBUG BatchSerializerFactory:106 - module: batch-serializer.properties not found at /mnt/media/Projects/Any2Json/any2json-examples/batch-serializer.properties
2024-03-09 12:52:24 DEBUG BatchSerializerFactory:106 - module: batch-serializer.properties not found at /mnt/media/Projects/Any2Json/any2json-examples/classes/batch-serializer.properties
2024-03-09 12:52:24 DEBUG BatchSerializerFactory:97 - module: batch-serializer.properties not found
2024-03-09 12:52:24 INFO  BatchSerializerFactory:55 - BatchSerializerFactor set to FURY
2024-03-09 12:52:24 INFO  Fury:137 - Created new fury io.fury.Fury@5ce4369b
2024-03-09 12:52:24 INFO  CompileUnit:56 - Generate code for com.github.romualdrousseau.shuju.bigdata.RowFuryCodec_1_128893786_2139266166 took 15 ms.
2024-03-09 12:52:24 INFO  JaninoUtils:113 - Compile [RowFuryCodec_1_128893786_2139266166] take 88 ms
2024-03-09 12:52:24 INFO  DataFrame:51 - DataFrame initialized with Mapped Buffer: true
2024-03-09 12:52:24 DEBUG DataFrame:124 - Load a batch in memory offset: 0, lenght: 2613. Took 4ms
2024-03-09 12:52:26 DEBUG Common:46 - Extracting features ...
2024-03-09 12:52:26 DEBUG Common:50 - Building Table list ...
2024-03-09 12:52:26 DEBUG Common:54 - Building Meta list ...
2024-03-09 12:52:26 DEBUG Common:58 - Generating Layout Graph ...
2024-03-09 12:52:26 DEBUG Common:62 - Assembling Tabular Output ...
2024-03-09 12:52:26 INFO  DataFrame:51 - DataFrame initialized with Mapped Buffer: true
2024-03-09 12:52:26 DEBUG DataFrame:124 - Load a batch in memory offset: 0, lenght: 675. Took 1ms
2024-03-09 12:52:26 DEBUG Common:67 - Done.
2024-03-09 12:52:45 INFO  Reflections:219 - Reflections took 40 ms to scan 2 urls, producing 5 keys and 6 values
2024-03-09 12:52:45 INFO  Reflections:219 - Reflections took 6 ms to scan 1 urls, producing 6 keys and 12 values
2024-03-09 12:52:45 INFO  Reflections:219 - Reflections took 8 ms to scan 2 urls, producing 7 keys and 12 values
2024-03-09 12:52:45 INFO  Reflections:219 - Reflections took 5 ms to scan 2 urls, producing 3 keys and 3 values
2024-03-09 12:52:45 DEBUG BatchSerializerFactory:106 - module: batch-serializer.properties not found at /mnt/media/Projects/Any2Json/any2json-examples/batch-serializer.properties
2024-03-09 12:52:45 DEBUG BatchSerializerFactory:106 - module: batch-serializer.properties not found at /mnt/media/Projects/Any2Json/any2json-examples/classes/batch-serializer.properties
2024-03-09 12:52:45 DEBUG BatchSerializerFactory:97 - module: batch-serializer.properties not found
2024-03-09 12:52:45 INFO  BatchSerializerFactory:55 - BatchSerializerFactor set to FURY
2024-03-09 12:52:46 INFO  Fury:137 - Created new fury io.fury.Fury@5ce4369b
2024-03-09 12:52:46 INFO  CompileUnit:56 - Generate code for com.github.romualdrousseau.shuju.bigdata.RowFuryCodec_1_128893786_2139266166 took 16 ms.
2024-03-09 12:52:46 INFO  JaninoUtils:113 - Compile [RowFuryCodec_1_128893786_2139266166] take 87 ms
2024-03-09 12:52:46 INFO  DataFrame:51 - DataFrame initialized with Mapped Buffer: true
2024-03-09 12:52:46 DEBUG DataFrame:124 - Load a batch in memory offset: 0, lenght: 2613. Took 4ms
2024-03-09 12:52:48 DEBUG Common:46 - Extracting features ...
2024-03-09 12:52:48 DEBUG Common:50 - Building Table list ...
2024-03-09 12:52:48 DEBUG Common:54 - Building Meta list ...
2024-03-09 12:52:48 DEBUG Common:58 - Generating Layout Graph ...
2024-03-09 12:52:48 DEBUG Common:62 - Assembling Tabular Output ...
2024-03-09 12:52:48 INFO  DataFrame:51 - DataFrame initialized with Mapped Buffer: true
2024-03-09 12:52:48 DEBUG DataFrame:124 - Load a batch in memory offset: 0, lenght: 675. Took 1ms
2024-03-09 12:52:48 DEBUG Common:67 - Done.
2024-03-09 12:53:10 INFO  Reflections:219 - Reflections took 36 ms to scan 2 urls, producing 5 keys and 6 values
2024-03-09 12:53:10 INFO  Reflections:219 - Reflections took 4 ms to scan 1 urls, producing 6 keys and 12 values
2024-03-09 12:53:10 INFO  Reflections:219 - Reflections took 5 ms to scan 2 urls, producing 7 keys and 12 values
2024-03-09 12:53:10 INFO  Reflections:219 - Reflections took 4 ms to scan 2 urls, producing 3 keys and 3 values
2024-03-09 12:53:11 DEBUG BatchSerializerFactory:106 - module: batch-serializer.properties not found at /mnt/media/Projects/Any2Json/any2json-examples/batch-serializer.properties
2024-03-09 12:53:11 DEBUG BatchSerializerFactory:106 - module: batch-serializer.properties not found at /mnt/media/Projects/Any2Json/any2json-examples/classes/batch-serializer.properties
2024-03-09 12:53:11 DEBUG BatchSerializerFactory:97 - module: batch-serializer.properties not found
2024-03-09 12:53:11 INFO  BatchSerializerFactory:55 - BatchSerializerFactor set to FURY
2024-03-09 12:53:11 INFO  Fury:137 - Created new fury io.fury.Fury@6ae7deac
2024-03-09 12:53:11 INFO  CompileUnit:56 - Generate code for com.github.romualdrousseau.shuju.bigdata.RowFuryCodec_1_128893786_1247348185 took 16 ms.
2024-03-09 12:53:11 INFO  JaninoUtils:113 - Compile [RowFuryCodec_1_128893786_1247348185] take 97 ms
2024-03-09 12:53:11 INFO  DataFrame:51 - DataFrame initialized with Mapped Buffer: true
2024-03-09 12:53:11 DEBUG DataFrame:124 - Load a batch in memory offset: 0, lenght: 2623. Took 6ms
2024-03-09 12:53:13 DEBUG Common:46 - Extracting features ...
2024-03-09 12:53:13 DEBUG Common:50 - Building Table list ...
2024-03-09 12:53:13 DEBUG Common:54 - Building Meta list ...
2024-03-09 12:53:13 DEBUG Common:58 - Generating Layout Graph ...
2024-03-09 12:53:13 DEBUG Common:62 - Assembling Tabular Output ...
2024-03-09 12:53:13 INFO  DataFrame:51 - DataFrame initialized with Mapped Buffer: true
2024-03-09 12:53:13 DEBUG DataFrame:124 - Load a batch in memory offset: 0, lenght: 699. Took 1ms
2024-03-09 12:53:14 DEBUG Common:67 - Done.
2024-03-09 12:54:07 INFO  Reflections:219 - Reflections took 40 ms to scan 2 urls, producing 5 keys and 6 values
2024-03-09 12:54:07 INFO  Reflections:219 - Reflections took 4 ms to scan 1 urls, producing 6 keys and 12 values
2024-03-09 12:54:07 INFO  Reflections:219 - Reflections took 7 ms to scan 2 urls, producing 7 keys and 12 values
2024-03-09 12:54:07 INFO  Reflections:219 - Reflections took 4 ms to scan 2 urls, producing 3 keys and 3 values
2024-03-09 12:54:07 DEBUG BatchSerializerFactory:106 - module: batch-serializer.properties not found at /mnt/media/Projects/Any2Json/any2json-examples/batch-serializer.properties
2024-03-09 12:54:07 DEBUG BatchSerializerFactory:106 - module: batch-serializer.properties not found at /mnt/media/Projects/Any2Json/any2json-examples/classes/batch-serializer.properties
2024-03-09 12:54:07 DEBUG BatchSerializerFactory:97 - module: batch-serializer.properties not found
2024-03-09 12:54:07 INFO  BatchSerializerFactory:55 - BatchSerializerFactor set to FURY
2024-03-09 12:54:08 INFO  Fury:137 - Created new fury io.fury.Fury@4a5905d9
2024-03-09 12:54:08 INFO  CompileUnit:56 - Generate code for com.github.romualdrousseau.shuju.bigdata.RowFuryCodec_1_128893786_440295203 took 16 ms.
2024-03-09 12:54:08 INFO  JaninoUtils:113 - Compile [RowFuryCodec_1_128893786_440295203] take 84 ms
2024-03-09 12:54:08 INFO  DataFrame:51 - DataFrame initialized with Mapped Buffer: true
2024-03-09 12:54:08 DEBUG DataFrame:124 - Load a batch in memory offset: 0, lenght: 2623. Took 4ms
2024-03-09 12:54:09 DEBUG Common:46 - Extracting features ...
2024-03-09 12:54:10 DEBUG Common:50 - Building Table list ...
2024-03-09 12:54:10 DEBUG Common:54 - Building Meta list ...
2024-03-09 12:54:45 INFO  Reflections:219 - Reflections took 46 ms to scan 2 urls, producing 5 keys and 6 values
2024-03-09 12:54:45 INFO  Reflections:219 - Reflections took 4 ms to scan 1 urls, producing 6 keys and 12 values
2024-03-09 12:54:45 INFO  Reflections:219 - Reflections took 7 ms to scan 2 urls, producing 7 keys and 12 values
2024-03-09 12:54:45 INFO  Reflections:219 - Reflections took 5 ms to scan 2 urls, producing 3 keys and 3 values
2024-03-09 12:54:46 DEBUG BatchSerializerFactory:106 - module: batch-serializer.properties not found at /mnt/media/Projects/Any2Json/any2json-examples/batch-serializer.properties
2024-03-09 12:54:46 DEBUG BatchSerializerFactory:106 - module: batch-serializer.properties not found at /mnt/media/Projects/Any2Json/any2json-examples/classes/batch-serializer.properties
2024-03-09 12:54:46 DEBUG BatchSerializerFactory:97 - module: batch-serializer.properties not found
2024-03-09 12:54:46 INFO  BatchSerializerFactory:55 - BatchSerializerFactor set to FURY
2024-03-09 12:54:46 INFO  Fury:137 - Created new fury io.fury.Fury@6ae7deac
2024-03-09 12:54:46 INFO  CompileUnit:56 - Generate code for com.github.romualdrousseau.shuju.bigdata.RowFuryCodec_1_128893786_1247348185 took 16 ms.
2024-03-09 12:54:46 INFO  JaninoUtils:113 - Compile [RowFuryCodec_1_128893786_1247348185] take 109 ms
2024-03-09 12:54:46 INFO  DataFrame:51 - DataFrame initialized with Mapped Buffer: true
2024-03-09 12:54:46 DEBUG DataFrame:124 - Load a batch in memory offset: 0, lenght: 2623. Took 6ms
2024-03-09 12:54:48 DEBUG Common:46 - Extracting features ...
2024-03-09 12:54:48 DEBUG Common:50 - Building Table list ...
2024-03-09 12:54:48 DEBUG Common:54 - Building Meta list ...
2024-03-09 12:56:00 INFO  Reflections:219 - Reflections took 36 ms to scan 2 urls, producing 5 keys and 6 values
2024-03-09 12:56:01 INFO  Reflections:219 - Reflections took 4 ms to scan 1 urls, producing 6 keys and 12 values
2024-03-09 12:56:01 INFO  Reflections:219 - Reflections took 7 ms to scan 2 urls, producing 7 keys and 12 values
2024-03-09 12:56:01 INFO  Reflections:219 - Reflections took 4 ms to scan 2 urls, producing 3 keys and 3 values
2024-03-09 12:56:01 DEBUG BatchSerializerFactory:106 - module: batch-serializer.properties not found at /mnt/media/Projects/Any2Json/any2json-examples/batch-serializer.properties
2024-03-09 12:56:01 DEBUG BatchSerializerFactory:106 - module: batch-serializer.properties not found at /mnt/media/Projects/Any2Json/any2json-examples/classes/batch-serializer.properties
2024-03-09 12:56:01 DEBUG BatchSerializerFactory:97 - module: batch-serializer.properties not found
2024-03-09 12:56:01 INFO  BatchSerializerFactory:55 - BatchSerializerFactor set to FURY
2024-03-09 12:56:01 INFO  Fury:137 - Created new fury io.fury.Fury@6ae7deac
2024-03-09 12:56:01 INFO  CompileUnit:56 - Generate code for com.github.romualdrousseau.shuju.bigdata.RowFuryCodec_1_128893786_1247348185 took 16 ms.
2024-03-09 12:56:01 INFO  JaninoUtils:113 - Compile [RowFuryCodec_1_128893786_1247348185] take 102 ms
2024-03-09 12:56:01 INFO  DataFrame:51 - DataFrame initialized with Mapped Buffer: true
2024-03-09 12:56:01 DEBUG DataFrame:124 - Load a batch in memory offset: 0, lenght: 2623. Took 5ms
2024-03-09 12:56:03 DEBUG Common:46 - Extracting features ...
2024-03-09 12:56:03 DEBUG Common:50 - Building Table list ...
2024-03-09 12:56:03 DEBUG Common:54 - Building Meta list ...
2024-03-09 12:56:03 DEBUG Common:58 - Generating Layout Graph ...
2024-03-09 12:56:03 DEBUG Common:62 - Assembling Tabular Output ...
2024-03-09 12:56:03 INFO  DataFrame:51 - DataFrame initialized with Mapped Buffer: true
2024-03-09 12:56:03 DEBUG DataFrame:124 - Load a batch in memory offset: 0, lenght: 675. Took 1ms
2024-03-09 12:56:04 DEBUG Common:67 - Done.
2024-03-09 12:57:13 INFO  Reflections:219 - Reflections took 40 ms to scan 2 urls, producing 5 keys and 6 values
2024-03-09 12:57:13 INFO  Reflections:219 - Reflections took 7 ms to scan 1 urls, producing 6 keys and 12 values
2024-03-09 12:57:13 INFO  Reflections:219 - Reflections took 7 ms to scan 2 urls, producing 7 keys and 12 values
2024-03-09 12:57:13 INFO  Reflections:219 - Reflections took 5 ms to scan 2 urls, producing 3 keys and 3 values
2024-03-09 12:57:14 DEBUG BatchSerializerFactory:106 - module: batch-serializer.properties not found at /mnt/media/Projects/Any2Json/any2json-examples/batch-serializer.properties
2024-03-09 12:57:14 DEBUG BatchSerializerFactory:106 - module: batch-serializer.properties not found at /mnt/media/Projects/Any2Json/any2json-examples/classes/batch-serializer.properties
2024-03-09 12:57:14 DEBUG BatchSerializerFactory:97 - module: batch-serializer.properties not found
2024-03-09 12:57:14 INFO  BatchSerializerFactory:55 - BatchSerializerFactor set to FURY
2024-03-09 12:57:14 INFO  Fury:137 - Created new fury io.fury.Fury@1a3e5f23
2024-03-09 12:57:14 INFO  CompileUnit:56 - Generate code for com.github.romualdrousseau.shuju.bigdata.RowFuryCodec_1_128893786_1653859230 took 17 ms.
2024-03-09 12:57:14 INFO  JaninoUtils:113 - Compile [RowFuryCodec_1_128893786_1653859230] take 96 ms
2024-03-09 12:57:14 INFO  DataFrame:51 - DataFrame initialized with Mapped Buffer: true
2024-03-09 12:57:14 DEBUG DataFrame:124 - Load a batch in memory offset: 0, lenght: 2623. Took 5ms
2024-03-09 12:57:16 DEBUG Common:46 - Extracting features ...
2024-03-09 12:57:16 DEBUG Common:50 - Building Table list ...
2024-03-09 12:57:16 DEBUG Common:54 - Building Meta list ...
2024-03-09 12:57:16 DEBUG Common:58 - Generating Layout Graph ...
2024-03-09 12:57:16 DEBUG Common:62 - Assembling Tabular Output ...
2024-03-09 12:57:16 INFO  DataFrame:51 - DataFrame initialized with Mapped Buffer: true
2024-03-09 12:57:16 DEBUG DataFrame:124 - Load a batch in memory offset: 0, lenght: 675. Took 1ms
2024-03-09 12:57:17 DEBUG Common:67 - Done.
2024-03-09 12:58:16 INFO  Reflections:219 - Reflections took 35 ms to scan 2 urls, producing 5 keys and 6 values
2024-03-09 12:58:16 INFO  Reflections:219 - Reflections took 6 ms to scan 1 urls, producing 6 keys and 12 values
2024-03-09 12:58:16 INFO  Reflections:219 - Reflections took 7 ms to scan 2 urls, producing 7 keys and 12 values
2024-03-09 12:58:16 INFO  Reflections:219 - Reflections took 6 ms to scan 2 urls, producing 3 keys and 3 values
2024-03-09 12:58:17 DEBUG BatchSerializerFactory:106 - module: batch-serializer.properties not found at /mnt/media/Projects/Any2Json/any2json-examples/batch-serializer.properties
2024-03-09 12:58:17 DEBUG BatchSerializerFactory:106 - module: batch-serializer.properties not found at /mnt/media/Projects/Any2Json/any2json-examples/classes/batch-serializer.properties
2024-03-09 12:58:17 DEBUG BatchSerializerFactory:97 - module: batch-serializer.properties not found
2024-03-09 12:58:17 INFO  BatchSerializerFactory:55 - BatchSerializerFactor set to FURY
2024-03-09 12:58:17 INFO  Fury:137 - Created new fury io.fury.Fury@4a5905d9
2024-03-09 12:58:17 INFO  CompileUnit:56 - Generate code for com.github.romualdrousseau.shuju.bigdata.RowFuryCodec_1_128893786_440295203 took 17 ms.
2024-03-09 12:58:17 INFO  JaninoUtils:113 - Compile [RowFuryCodec_1_128893786_440295203] take 99 ms
2024-03-09 12:58:17 INFO  DataFrame:51 - DataFrame initialized with Mapped Buffer: true
2024-03-09 12:58:17 DEBUG DataFrame:124 - Load a batch in memory offset: 0, lenght: 2623. Took 5ms
2024-03-09 12:58:19 DEBUG Common:44 - Extracting features ...
2024-03-09 12:58:19 DEBUG Common:48 - Generating Layout Graph ...
2024-03-09 12:58:19 DEBUG Common:52 - Assembling Tabular Output ...
2024-03-09 12:58:19 INFO  DataFrame:51 - DataFrame initialized with Mapped Buffer: true
2024-03-09 12:58:19 DEBUG DataFrame:124 - Load a batch in memory offset: 0, lenght: 675. Took 0ms
2024-03-09 12:58:20 DEBUG Common:57 - Done.
2024-03-09 12:59:29 INFO  Reflections:219 - Reflections took 43 ms to scan 2 urls, producing 5 keys and 6 values
2024-03-09 12:59:29 INFO  Reflections:219 - Reflections took 6 ms to scan 1 urls, producing 6 keys and 12 values
2024-03-09 12:59:29 INFO  Reflections:219 - Reflections took 5 ms to scan 2 urls, producing 7 keys and 12 values
2024-03-09 12:59:29 INFO  Reflections:219 - Reflections took 4 ms to scan 2 urls, producing 3 keys and 3 values
2024-03-09 12:59:30 DEBUG BatchSerializerFactory:106 - module: batch-serializer.properties not found at /mnt/media/Projects/Any2Json/any2json-examples/batch-serializer.properties
2024-03-09 12:59:30 DEBUG BatchSerializerFactory:106 - module: batch-serializer.properties not found at /mnt/media/Projects/Any2Json/any2json-examples/classes/batch-serializer.properties
2024-03-09 12:59:30 DEBUG BatchSerializerFactory:97 - module: batch-serializer.properties not found
2024-03-09 12:59:30 INFO  BatchSerializerFactory:55 - BatchSerializerFactor set to FURY
2024-03-09 12:59:30 INFO  Fury:137 - Created new fury io.fury.Fury@78830d9a
2024-03-09 12:59:30 INFO  CompileUnit:56 - Generate code for com.github.romualdrousseau.shuju.bigdata.RowFuryCodec_1_128893786_1558460059 took 16 ms.
2024-03-09 12:59:30 INFO  JaninoUtils:113 - Compile [RowFuryCodec_1_128893786_1558460059] take 95 ms
2024-03-09 12:59:30 INFO  DataFrame:51 - DataFrame initialized with Mapped Buffer: true
2024-03-09 12:59:30 DEBUG DataFrame:124 - Load a batch in memory offset: 0, lenght: 2613. Took 5ms
2024-03-09 12:59:32 DEBUG Common:44 - Extracting features ...
2024-03-09 12:59:32 DEBUG Common:48 - Generating Layout Graph ...
2024-03-09 12:59:32 DEBUG Common:52 - Assembling Tabular Output ...
2024-03-09 12:59:32 INFO  DataFrame:51 - DataFrame initialized with Mapped Buffer: true
2024-03-09 12:59:32 DEBUG DataFrame:124 - Load a batch in memory offset: 0, lenght: 675. Took 1ms
2024-03-09 12:59:32 DEBUG Common:57 - Done.
2024-03-09 18:18:31 INFO  Reflections:219 - Reflections took 32 ms to scan 1 urls, producing 6 keys and 12 values
2024-03-09 18:18:31 INFO  Reflections:219 - Reflections took 7 ms to scan 2 urls, producing 7 keys and 12 values
2024-03-09 18:18:31 INFO  Reflections:219 - Reflections took 5 ms to scan 2 urls, producing 3 keys and 3 values
2024-03-09 18:18:31 INFO  Reflections:219 - Reflections took 6 ms to scan 2 urls, producing 5 keys and 6 values
2024-03-09 18:18:31 DEBUG BatchSerializerFactory:106 - module: batch-serializer.properties not found at /mnt/media/Projects/Any2Json/any2json-examples/batch-serializer.properties
2024-03-09 18:18:31 DEBUG BatchSerializerFactory:106 - module: batch-serializer.properties not found at /mnt/media/Projects/Any2Json/any2json-examples/classes/batch-serializer.properties
2024-03-09 18:18:31 DEBUG BatchSerializerFactory:97 - module: batch-serializer.properties not found
2024-03-09 18:18:31 INFO  BatchSerializerFactory:55 - BatchSerializerFactor set to FURY
2024-03-09 18:18:32 INFO  Fury:137 - Created new fury io.fury.Fury@40368a46
2024-03-09 18:18:32 INFO  CompileUnit:56 - Generate code for com.github.romualdrousseau.shuju.bigdata.RowFuryCodec_1_128893786_2124261761 took 20 ms.
2024-03-09 18:18:32 INFO  JaninoUtils:113 - Compile [RowFuryCodec_1_128893786_2124261761] take 81 ms
2024-03-09 18:18:32 INFO  DataFrame:51 - DataFrame initialized with Mapped Buffer: true
2024-03-09 18:18:32 DEBUG DataFrame:124 - Load a batch in memory offset: 0, lenght: 2445. Took 4ms
2024-03-09 18:18:32 DEBUG Common:48 - Generating Layout Graph ...
2024-03-09 18:18:32 DEBUG Common:57 - Done.
2024-03-09 18:19:24 INFO  Reflections:219 - Reflections took 33 ms to scan 1 urls, producing 6 keys and 12 values
2024-03-09 18:19:24 INFO  Reflections:219 - Reflections took 8 ms to scan 2 urls, producing 7 keys and 12 values
2024-03-09 18:19:24 INFO  Reflections:219 - Reflections took 5 ms to scan 2 urls, producing 3 keys and 3 values
2024-03-09 18:19:24 INFO  Reflections:219 - Reflections took 8 ms to scan 2 urls, producing 5 keys and 6 values
2024-03-09 18:19:25 DEBUG BatchSerializerFactory:106 - module: batch-serializer.properties not found at /mnt/media/Projects/Any2Json/any2json-examples/batch-serializer.properties
2024-03-09 18:19:25 DEBUG BatchSerializerFactory:106 - module: batch-serializer.properties not found at /mnt/media/Projects/Any2Json/any2json-examples/classes/batch-serializer.properties
2024-03-09 18:19:25 DEBUG BatchSerializerFactory:97 - module: batch-serializer.properties not found
2024-03-09 18:19:25 INFO  BatchSerializerFactory:55 - BatchSerializerFactor set to FURY
2024-03-09 18:19:25 INFO  Fury:137 - Created new fury io.fury.Fury@4dafba3e
2024-03-09 18:19:25 INFO  CompileUnit:56 - Generate code for com.github.romualdrousseau.shuju.bigdata.RowFuryCodec_1_128893786_1407428730 took 16 ms.
2024-03-09 18:19:25 INFO  JaninoUtils:113 - Compile [RowFuryCodec_1_128893786_1407428730] take 86 ms
2024-03-09 18:19:25 INFO  DataFrame:51 - DataFrame initialized with Mapped Buffer: true
2024-03-09 18:19:25 DEBUG DataFrame:124 - Load a batch in memory offset: 0, lenght: 2445. Took 4ms
2024-03-09 18:19:25 DEBUG Common:48 - Generating Layout Graph ...
2024-03-09 18:19:25 DEBUG Common:57 - Done.
2024-03-09 18:20:41 INFO  Reflections:219 - Reflections took 27 ms to scan 1 urls, producing 6 keys and 12 values
2024-03-09 18:20:41 INFO  Reflections:219 - Reflections took 9 ms to scan 2 urls, producing 7 keys and 12 values
2024-03-09 18:20:41 INFO  Reflections:219 - Reflections took 6 ms to scan 2 urls, producing 3 keys and 3 values
2024-03-09 18:20:41 INFO  Reflections:219 - Reflections took 9 ms to scan 2 urls, producing 5 keys and 6 values
2024-03-09 18:21:51 INFO  Reflections:219 - Reflections took 39 ms to scan 2 urls, producing 6 keys and 16 values
2024-03-09 18:21:51 INFO  Reflections:219 - Reflections took 7 ms to scan 2 urls, producing 7 keys and 12 values
2024-03-09 18:21:51 INFO  Reflections:219 - Reflections took 7 ms to scan 2 urls, producing 3 keys and 3 values
2024-03-09 18:21:51 INFO  Reflections:219 - Reflections took 7 ms to scan 2 urls, producing 5 keys and 6 values
2024-03-09 18:21:52 DEBUG BatchSerializerFactory:106 - module: batch-serializer.properties not found at /mnt/media/Projects/Any2Json/any2json-examples/batch-serializer.properties
2024-03-09 18:21:52 DEBUG BatchSerializerFactory:106 - module: batch-serializer.properties not found at /mnt/media/Projects/Any2Json/any2json-examples/classes/batch-serializer.properties
2024-03-09 18:21:52 DEBUG BatchSerializerFactory:97 - module: batch-serializer.properties not found
2024-03-09 18:21:52 INFO  BatchSerializerFactory:55 - BatchSerializerFactor set to FURY
2024-03-09 18:21:52 INFO  Fury:137 - Created new fury io.fury.Fury@7e9da981
2024-03-09 18:21:52 INFO  CompileUnit:56 - Generate code for com.github.romualdrousseau.shuju.bigdata.RowFuryCodec_1_128893786_1322484262 took 17 ms.
2024-03-09 18:21:52 INFO  JaninoUtils:113 - Compile [RowFuryCodec_1_128893786_1322484262] take 91 ms
2024-03-09 18:21:52 INFO  DataFrame:51 - DataFrame initialized with Mapped Buffer: true
2024-03-09 18:21:52 DEBUG DataFrame:124 - Load a batch in memory offset: 0, lenght: 2445. Took 5ms
2024-03-09 18:21:52 INFO  DataFrame:51 - DataFrame initialized with Mapped Buffer: true
2024-03-09 18:21:52 DEBUG DataFrame:124 - Load a batch in memory offset: 0, lenght: 2445. Took 2ms
2024-03-09 18:22:39 INFO  Reflections:219 - Reflections took 33 ms to scan 2 urls, producing 6 keys and 16 values
2024-03-09 18:22:39 INFO  Reflections:219 - Reflections took 6 ms to scan 2 urls, producing 7 keys and 12 values
2024-03-09 18:22:39 INFO  Reflections:219 - Reflections took 6 ms to scan 2 urls, producing 3 keys and 3 values
2024-03-09 18:22:39 INFO  Reflections:219 - Reflections took 8 ms to scan 2 urls, producing 5 keys and 6 values
2024-03-09 18:22:40 INFO  BatchSerializerFactory:55 - BatchSerializerFactor set to FURY
2024-03-09 18:22:40 INFO  Fury:137 - Created new fury io.fury.Fury@7e9da981
2024-03-09 18:22:40 INFO  CompileUnit:56 - Generate code for com.github.romualdrousseau.shuju.bigdata.RowFuryCodec_1_128893786_1322484262 took 17 ms.
2024-03-09 18:22:40 INFO  JaninoUtils:113 - Compile [RowFuryCodec_1_128893786_1322484262] take 78 ms
2024-03-09 18:22:40 INFO  DataFrame:51 - DataFrame initialized with Mapped Buffer: true
2024-03-09 18:22:40 INFO  DataFrame:51 - DataFrame initialized with Mapped Buffer: true
2024-03-09 18:38:38 INFO  Common:37 - /data/document with simple table.csv
2024-03-09 18:38:38 INFO  Common:37 - /data/document with simple table.xls
2024-03-09 18:38:38 INFO  Common:37 - /data/document with simple table.xlsx
2024-03-09 18:38:50 INFO  Common:37 - /data/document with simple table.csv
2024-03-09 18:38:51 INFO  Common:37 - /data/document with simple table.xls
2024-03-09 18:38:51 INFO  Common:37 - /data/document with simple table.xlsx
2024-03-09 18:40:03 INFO  Common:37 - Loaded resource with url: file:/mnt/media/Projects/Any2Json/any2json-examples/target/classes/data/document%20with%20simple%20table.csv
2024-03-09 18:40:04 INFO  Common:37 - Loaded resource with url: file:/mnt/media/Projects/Any2Json/any2json-examples/target/classes/data/document%20with%20simple%20table.xls
2024-03-09 18:40:04 INFO  Common:37 - Loaded resource with url: file:/mnt/media/Projects/Any2Json/any2json-examples/target/classes/data/document%20with%20simple%20table.xlsx
2024-03-09 18:40:23 INFO  Common:37 - Loaded resource: /data/document with simple table.csv
2024-03-09 18:40:24 INFO  Common:37 - Loaded resource: /data/document with simple table.xls
2024-03-09 18:40:24 INFO  Common:37 - Loaded resource: /data/document with simple table.xlsx
2024-03-09 18:49:32 INFO  Common:37 - Loaded resource: /data/document with simple table.csv
2024-03-09 18:50:13 INFO  Common:37 - Loaded resource: /data/document with simple table.csv
2024-03-09 18:50:33 INFO  Common:37 - Loaded resource: /data/document with simple table.csv
2024-03-09 18:50:33 INFO  Common:37 - Loaded resource: /data/document with simple table.xls
2024-03-09 18:50:33 INFO  Common:37 - Loaded resource: /data/document with simple table.xlsx
2024-03-09 18:58:41 INFO  Common:37 - Loaded resource: /models/sales-english.json
2024-03-09 18:58:41 INFO  Common:37 - Loaded resource: /data/document with multiple tables.xlsx
2024-03-09 18:58:43 DEBUG Common:59 - Extracting features ...
2024-03-09 18:58:43 DEBUG Common:63 - Generating Layout Graph ...
2024-03-09 18:58:43 DEBUG Common:67 - Assembling Tabular Output ...
2024-03-09 18:58:43 DEBUG Common:72 - Done.
2024-03-09 19:05:37 INFO  Common:37 - Loaded resource: /models/sales-english.json
2024-03-09 19:05:37 INFO  Common:37 - Loaded resource: /data/document with defect.xlsx
2024-03-09 19:05:40 DEBUG Common:59 - Extracting features ...
2024-03-09 19:05:40 DEBUG Common:63 - Generating Layout Graph ...
2024-03-09 19:05:40 DEBUG Common:67 - Assembling Tabular Output ...
2024-03-09 19:05:41 DEBUG Common:72 - Done.
2024-03-09 19:06:36 INFO  Common:37 - Loaded resource: /models/sales-english.json
2024-03-09 19:06:36 INFO  Common:37 - Loaded resource: /data/document with defect.xlsx
2024-03-09 19:06:38 DEBUG Common:64 - Extracting features ...
2024-03-09 19:06:38 DEBUG Common:68 - Generating Layout Graph ...
2024-03-09 19:06:38 DEBUG Common:72 - Assembling Tabular Output ...
2024-03-09 19:06:40 DEBUG Common:77 - Done.
2024-03-09 23:26:51 INFO  Common:37 - Loaded resource: /models/sales-english.json
2024-03-09 23:26:52 INFO  Common:37 - Loaded resource: /data/document with defect.xlsx
2024-03-09 23:26:54 DEBUG Common:64 - Extracting features ...
2024-03-09 23:26:54 DEBUG Common:68 - Generating Layout Graph ...
2024-03-09 23:26:54 DEBUG Common:72 - Assembling Tabular Output ...
2024-03-09 23:26:55 DEBUG Common:77 - Done.
2024-03-09 23:27:30 INFO  Common:37 - Loaded resource: /models/sales-english.json
2024-03-09 23:27:30 INFO  Common:37 - Loaded resource: /data/document with defect.xlsx
2024-03-09 23:27:33 DEBUG Common:64 - Extracting features ...
2024-03-09 23:28:00 INFO  Common:37 - Loaded resource: /models/sales-english.json
2024-03-09 23:28:00 INFO  Common:37 - Loaded resource: /data/document with defect.xlsx
2024-03-09 23:28:02 DEBUG Common:64 - Extracting features ...
2024-03-09 23:31:45 INFO  Common:37 - Loaded resource: /models/sales-english.json
2024-03-09 23:31:46 INFO  Common:37 - Loaded resource: /data/document with defect.xlsx
2024-03-09 23:31:48 DEBUG Common:64 - Extracting features ...
2024-03-09 23:31:48 DEBUG Common:68 - Generating Layout Graph ...
2024-03-09 23:31:48 DEBUG Common:72 - Assembling Tabular Output ...
2024-03-09 23:31:49 DEBUG Common:77 - Done.
